[06/08/2022 01:24] /reload modules modules
[06/08/2022 01:32] /reload scripts scripts
[06/08/2022 01:35] /reload scripts scripts
[06/08/2022 01:42] /reload scripts scripts
[06/08/2022 01:42] /reload scripts scripts
[06/08/2022 02:12] /reload scripts scripts
[06/08/2022 02:15] /reload scripts scripts
[06/08/2022 22:47] /reload scripts scripts
[06/08/2022 22:47] /reload items items
[06/08/2022 22:50] /reload items items
[06/08/2022 22:53] /reload items items
[06/08/2022 22:53] /reload items items
[06/08/2022 22:58] /reload items items
[06/08/2022 22:58] /reload items items
[06/08/2022 23:00] /reload items items
[06/08/2022 23:00] /reload items items
[06/08/2022 23:00] /reload items items
[06/08/2022 23:01] /reload items items
[06/08/2022 23:03] /reload items items
[06/08/2022 23:05] /reload items items
[06/08/2022 23:06] /reload items items
[06/08/2022 23:06] /reload items items
[06/08/2022 23:06] /reload items items
[06/08/2022 23:06] /reload items items
[06/08/2022 23:06] /reload items items
[06/08/2022 23:08] /reload items items
[06/08/2022 23:08] /reload items items
[06/08/2022 23:08] /reload items items
[06/08/2022 23:09] /reload items items
[06/08/2022 23:13] /reload items items
[06/08/2022 23:13] /reload items items
[06/08/2022 23:14] /reload items items
[06/08/2022 23:14] /reload items items
[06/08/2022 23:16] /reload items items
[06/08/2022 23:19] /reload items items
[06/08/2022 23:20] /reload items items
[06/08/2022 23:21] /reload items items
[06/08/2022 23:22] /reload items items
[06/08/2022 23:25] /reload items items
[06/08/2022 23:26] /reload items items
[06/08/2022 23:27] /reload items items
[06/08/2022 23:28] /reload items items
[06/08/2022 23:30] /reload items items
[06/08/2022 23:32] /reload items items
[06/08/2022 23:32] /reload items items
[06/08/2022 23:34] /reload items items
[06/08/2022 23:35] /reload items items
[06/08/2022 23:36] /reload items items
[06/08/2022 23:37] /reload items items
[06/08/2022 23:39] /reload items items
[06/08/2022 23:39] /reload items items
[06/08/2022 23:39] /reload items items
[06/08/2022 23:39] /reload items items
[06/08/2022 23:39] /reload items items
[06/08/2022 23:40] /reload items items
[06/08/2022 23:41] /reload items items
[06/08/2022 23:41] /reload items items
[06/08/2022 23:41] /reload items items
[07/08/2022 01:48] /reload items items
[07/08/2022 01:48] /reload items items
[07/08/2022 01:49] /reload items items
[07/08/2022 01:49] /reload items items
[07/08/2022 01:50] /reload items items
[07/08/2022 01:52] /reload items items
[07/08/2022 01:55] /reload items items
[07/08/2022 01:56] /reload items items
[07/08/2022 01:56] /reload items items
[07/08/2022 01:56] /reload items items
[07/08/2022 01:57] /reload items items
[07/08/2022 01:58] /reload items items
[07/08/2022 02:00] /reload items items
[07/08/2022 02:03] /reload items items
[07/08/2022 02:03] /reload items items
[07/08/2022 02:05] /reload items\ items\
[07/08/2022 02:05] /reload items\ items\
[07/08/2022 02:05] /reload items items
[07/08/2022 02:05] /reload items items
[07/08/2022 02:14] /reload items items
[07/08/2022 02:14] /reload items items
[07/08/2022 02:15] /reload items items
[07/08/2022 02:17] /reload items items
[07/08/2022 02:17] /reload items items
[07/08/2022 02:17] /reload items items
[07/08/2022 02:20] /reload items items
[07/08/2022 02:20] /reload items items
[07/08/2022 02:33] /reload items items
[07/08/2022 02:33] /reload items items
[07/08/2022 02:34] /reload items items
[07/08/2022 02:34] /reload items items
[07/08/2022 02:38] /reload items items
[07/08/2022 02:40] /reload npcs npcs
[07/08/2022 02:41] /reload npcs npcs
[07/08/2022 02:41] /reload npcs npcs
[07/08/2022 02:44] /reload items items
[07/08/2022 02:46] /reload npcs npcs
[07/08/2022 02:47] /reload npcs npcs
[07/08/2022 02:54] /reload scripts scripts
[07/08/2022 02:59] /reload items items
[07/08/2022 03:09] /reload items items
[07/08/2022 03:09] /reload items items
[07/08/2022 03:18] /reload items items
[07/08/2022 03:19] /reload items items
[07/08/2022 03:20] /reload items items
[07/08/2022 03:20] /reload items items
[07/08/2022 03:23] /reload npcs npcs
[07/08/2022 03:26] /reload npcs npcs
[07/08/2022 03:29] /reload npcs npcs
[07/08/2022 03:32] /reload npcs npcs
[07/08/2022 03:33] /reload items items
[07/08/2022 03:33] /reload items items
[07/08/2022 03:37] /reload items items
[07/08/2022 13:52] /reload items items
[07/08/2022 13:52] /reload items items
[07/08/2022 13:59] /reload scripts scripts
[07/08/2022 13:59] /reload items items
[07/08/2022 14:01] /reload items items
[07/08/2022 14:02] /reload items items
[07/08/2022 14:03] /reload items items
[07/08/2022 14:03] /reload items items
[07/08/2022 14:24] /reload items items
[07/08/2022 14:27] /reload items items
[07/08/2022 14:35] /reload items items
[07/08/2022 14:37] /reload items items
[07/08/2022 14:44] /reload items items
[07/08/2022 14:46] /reload items items
[07/08/2022 14:51] /reload items items
[07/08/2022 14:59] /reload items items
[07/08/2022 15:11] /reload items items
[07/08/2022 15:12] /reload items items
[07/08/2022 15:22] /reload npcs npcs
[07/08/2022 15:23] /reload npcs npcs
[07/08/2022 15:23] /reload npcs npcs
[07/08/2022 16:57] /reload scripts scripts
[07/08/2022 17:17] /reload scripts scripts
[07/08/2022 17:18] /reload scripts scripts
[07/08/2022 17:19] /reload scripts scripts
[07/08/2022 17:19] /reload scripts scripts
[07/08/2022 17:19] /reload scripts scripts
[07/08/2022 17:22] /reload scripts scripts
[07/08/2022 17:23] /reload scripts scripts
[07/08/2022 17:23] /reload scripts scripts
[07/08/2022 17:23] /reload scripts scripts
