[09/08/2022 01:29] /reload monsters monsters
[09/08/2022 01:32] /reload monsters monsters
[09/08/2022 01:32] /reload itmes itmes
[09/08/2022 01:32] /reload items items
[09/08/2022 01:32] /reload items items
[09/08/2022 01:33] /reload items items
[09/08/2022 01:34] /reload items items
[09/08/2022 01:34] /reload monsters monsters
[09/08/2022 01:34] /reload items items
[09/08/2022 01:35] /reload items items
[09/08/2022 01:35] /reload monsters monsters
[09/08/2022 01:35] /reload monsters monsters
[09/08/2022 01:35] /reload items items
[09/08/2022 01:36] /reload items items
[09/08/2022 01:36] /reload items items
[09/08/2022 01:36] /reload items items
[09/08/2022 01:50] /reload monster monster
[09/08/2022 01:56] /reload monsters monsters
[09/08/2022 01:57] /reload monsters monsters
[09/08/2022 01:57] /reload monsters monsters
[09/08/2022 02:06] /reload monsters monsters
[09/08/2022 02:07] /reload monsters monsters
[09/08/2022 02:09] /reload monsters monsters
[09/08/2022 02:10] /reload items items
[09/08/2022 02:10] /reload monsters monsters
[09/08/2022 02:10] /reload monsters monsters
[09/08/2022 02:20] /reload monsters monsters
[09/08/2022 02:20] /reload monsters monsters
[09/08/2022 02:21] /reload monsters monsters
[09/08/2022 02:22] /reload monsters monsters
[09/08/2022 02:22] /reload monsters monsters
[09/08/2022 02:23] /reload monsters monsters
[09/08/2022 02:23] /reload monsters monsters
[09/08/2022 02:24] /reload monsters monsters
[09/08/2022 05:01] /reload monsters monsters
[09/08/2022 05:01] /reload items items
[09/08/2022 05:02] /reload items items
[09/08/2022 05:03] /reload  items items
[09/08/2022 05:03] /reload monsters monsters
[10/08/2022 02:13] /reload items items
[10/08/2022 02:13] /reload items items
[10/08/2022 02:17] /reload items items
[10/08/2022 02:21] /reload items items
[10/08/2022 05:58] /reload scripts scripts
[10/08/2022 05:58] /reload scripts scripts
[10/08/2022 05:59] /reload scripts scripts
[10/08/2022 06:01] /reload scripts scripts
[10/08/2022 06:02] /reload scripts scripts
[10/08/2022 06:04] /reload scripts scripts
[10/08/2022 06:04] /reload scripts scripts
[10/08/2022 06:07] /reload scripts scripts
[10/08/2022 06:10] /reload scripts scripts
[10/08/2022 06:10] /reload scripts scripts
[10/08/2022 06:20] /reload items items
[10/08/2022 07:36] /reload items items
[10/08/2022 07:40] /reload monsters monsters
[10/08/2022 07:41] /reload monster monster
[10/08/2022 07:41] /reload monster monster
[10/08/2022 07:42] /reload monster monster
[10/08/2022 07:42] /reload monster monster
[10/08/2022 07:43] /reload monster monster
[10/08/2022 07:44] /reload monster monster
[10/08/2022 07:45] /reload monster monster
[10/08/2022 07:46] /reload monster monster
[10/08/2022 07:47] /reload monster monster
[10/08/2022 07:47] /reload monster monster
[10/08/2022 07:48] /reload monster monster
[10/08/2022 07:48] /reload monster monster
[10/08/2022 07:53] /reload monster monster
[10/08/2022 07:53] /reload monsters monsters
[10/08/2022 07:54] /reload monsters monsters
[10/08/2022 07:54] /reload monsters monsters
[10/08/2022 07:55] /reload monsters monsters
[10/08/2022 08:02] /reload items items
[10/08/2022 08:06] /reload items items
[10/08/2022 08:23] /reload items items
[10/08/2022 08:29] /reload scripts scripts
[10/08/2022 08:30] /reload items items
[10/08/2022 08:30] /reload scripts scripts
[10/08/2022 08:42] /reload items items
[10/08/2022 08:46] /reload monsters monsters
[10/08/2022 08:50] /reload items items
[10/08/2022 08:50] /reload modules modules
[10/08/2022 08:50] /reload items items
[10/08/2022 08:51] /reload items items
[10/08/2022 08:51] /reload modules modules
[10/08/2022 08:52] /reload items items
[10/08/2022 08:55] /reload modules modules
[10/08/2022 08:59] /reload items items
[10/08/2022 09:00] /reload items items
[10/08/2022 09:02] /reload items items
[10/08/2022 09:12] /reload items items
[10/08/2022 09:13] /reload items items
[10/08/2022 09:13] /reload items items
[10/08/2022 09:14] /reload items items
[10/08/2022 09:17] /reload items items
[10/08/2022 09:20] /reload items items
[10/08/2022 09:22] /reload items items
[10/08/2022 09:26] /reload items items
[10/08/2022 09:27] /reload items items
[10/08/2022 09:29] /reload items items
[10/08/2022 09:29] /reload items items
[10/08/2022 09:29] /reload items items
[10/08/2022 09:32] /reload items items
[10/08/2022 09:36] /reload items items
[10/08/2022 09:42] /reload items items
[10/08/2022 09:43] /reload items items
[10/08/2022 09:45] /reload items items
[10/08/2022 09:46] /reload items items
[10/08/2022 09:47] /reload items items
[10/08/2022 13:13] /reload items items
[10/08/2022 13:15] /reload items items
[10/08/2022 13:16] /reload items items
[10/08/2022 14:22] /reload scripts scripts
[10/08/2022 14:23] /reload scripts scripts
[10/08/2022 14:23] /reload items items
[10/08/2022 14:25] /reload scripts scripts
[10/08/2022 14:25] /reload items items
[10/08/2022 14:26] /reload items items
[10/08/2022 14:26] /reload items items
[10/08/2022 14:26] /reload scripts scripts
[10/08/2022 14:28] /reload scripts scripts
[10/08/2022 14:28] /reload scripts scripts
[10/08/2022 14:28] /reload items items
[10/08/2022 14:28] /reload scripts scripts
[10/08/2022 14:29] /reload scripts scripts
[10/08/2022 14:30] /reload scripts scripts
[10/08/2022 14:30] /reload scripts scripts
[10/08/2022 14:30] /reload scripts scripts
[10/08/2022 14:31] /reload scripts scripts
[10/08/2022 14:31] /reload scripts scripts
[10/08/2022 14:32] /reload scripts scripts
[10/08/2022 14:33] /reload items items
[10/08/2022 14:33] /reload scripts scripts
[10/08/2022 14:34] /reload scripts scripts
[10/08/2022 14:40] /reload items items
[10/08/2022 14:40] /reload scripts scripts
[10/08/2022 14:43] /reload items items
[10/08/2022 14:45] /reload items items
[10/08/2022 14:45] /reload scripts scripts
[10/08/2022 14:45] /reload scripts scripts
[10/08/2022 14:46] /reload scripts scripts
[10/08/2022 14:47] /reload scripts scripts
[10/08/2022 14:47] /reload items items
[10/08/2022 14:55] /reload itmes itmes
[10/08/2022 14:56] /reload items items
[10/08/2022 14:56] /reload scripts scripts
[10/08/2022 14:57] /reload scripts scripts
[10/08/2022 15:00] /reload items items
[10/08/2022 15:00] /reload scripts scripts
[10/08/2022 15:01] /reload scripts scripts
[10/08/2022 15:01] /reload items items
[10/08/2022 15:01] /reload items items
[10/08/2022 15:01] /reload items items
[10/08/2022 15:03] /reload items items
[10/08/2022 15:03] /reload scripts scripts
[10/08/2022 15:06] /reload scripts scripts
[10/08/2022 15:08] /reload items items
[10/08/2022 15:08] /reload scripts scripts
[10/08/2022 15:08] /reload scripts scripts
[10/08/2022 15:09] /reload scripts scripts
[10/08/2022 15:14] /reload scripts scripts
[10/08/2022 15:14] /reload items items
[10/08/2022 15:15] /reload items items
[10/08/2022 15:15] /reload scripts scripts
[10/08/2022 15:17] /reload scripts scripts
[10/08/2022 15:20] /reload scripts scripts
[10/08/2022 15:20] /reload items items
[10/08/2022 15:21] /reload items items
[10/08/2022 15:21] /reload scripts scripts
[10/08/2022 15:23] /reload scripts scripts
[10/08/2022 15:23] /reload items items
[10/08/2022 15:24] /reload scripts scripts
[10/08/2022 15:26] /reload scripts scripts
[10/08/2022 15:26] /reload items items
[10/08/2022 15:27] /reload scripts\ scripts\
[10/08/2022 15:27] /reload scripts scripts
[10/08/2022 15:27] /reload items items
[10/08/2022 15:34] /reload items items
[10/08/2022 15:34] /reload scripts scripts
[10/08/2022 15:37] /reload scripts scripts
[10/08/2022 15:37] /reload items items
[10/08/2022 15:43] /reload scripts scripts
[10/08/2022 15:43] /reload items items
[10/08/2022 15:46] /reload items items
[10/08/2022 15:46] /reload scripts scripts
[10/08/2022 15:52] /reload items items
[10/08/2022 15:52] /reload scripts scripts
[10/08/2022 16:06] /reload items items
[10/08/2022 16:47] /reload items items
[10/08/2022 16:48] /reload items items
[10/08/2022 16:48] /reload items items
[10/08/2022 16:49] /reload items items
[10/08/2022 16:49] /reload item item
[10/08/2022 16:50] /reload items items
[10/08/2022 16:53] /reload items items
[10/08/2022 16:54] /reload items items
[10/08/2022 16:54] /reload scripts scripts
[10/08/2022 17:37] /reload nps nps
[10/08/2022 17:37] /reload npcs npcs
[10/08/2022 17:38] /reload npcs npcs
[10/08/2022 17:40] /reload npcs npcs
[10/08/2022 17:41] /reload npcs npcs
[10/08/2022 20:50] /reload items items
[10/08/2022 20:51] /reload scripts scripts
[10/08/2022 21:53] /reload items items
[10/08/2022 21:58] /reload items items
[10/08/2022 22:32] /reload scripts scripts
[10/08/2022 22:33] /reload scripts scripts
[10/08/2022 22:35] /reload scripts scripts
[10/08/2022 22:38] /reload scripts scripts
[12/08/2022 04:06] /reload script script
[12/08/2022 04:06] /reload scripts scripts
[12/08/2022 04:07] /reload scripts scripts
[12/08/2022 04:07] /reload scripts scripts
[12/08/2022 04:08] /reload scripts scripts
[12/08/2022 04:08] /reload scripts scripts
[12/08/2022 14:26] /reload scripts scripts
[12/08/2022 21:31] /reload scripts scripts
[12/08/2022 21:37] /spy
[12/08/2022 21:37] /spy Testdruid Testdruid
[12/08/2022 22:28] /reload monsters monsters
[12/08/2022 22:29] /reload scripts scripts
[12/08/2022 23:12] /reload npcs npcs
[12/08/2022 23:14] /reload npcs npcs
[12/08/2022 23:16] /reload npcs npcs
[13/08/2022 02:08] /reload items items
[13/08/2022 02:09] /reload items items
[13/08/2022 05:14] /reload scripts scripts
[13/08/2022 05:18] /reload scripts scripts
[13/08/2022 06:51] /reload items items
[13/08/2022 06:52] /reload items items
[13/08/2022 06:54] /reload items items
[13/08/2022 06:54] /reload scripts scripts
[13/08/2022 06:55] /reload scripts scripts
[13/08/2022 06:55] /reload scripts scripts
[13/08/2022 06:55] /reload items items
[13/08/2022 06:55] /reload scripts scripts
[13/08/2022 06:55] /reload items items
[13/08/2022 06:56] /reload items items
[13/08/2022 06:56] /reload scripts scripts
[13/08/2022 06:59] /reload scripts scripts
[13/08/2022 06:59] /reload items items
[13/08/2022 07:01] /reload items items
[13/08/2022 07:01] /reload items items
[13/08/2022 07:02] /reload scripts scripts
[13/08/2022 07:03] /reload items items
[13/08/2022 07:04] /reload items items
[13/08/2022 07:04] /reload items items
[13/08/2022 07:04] /reload scripts scripts
[13/08/2022 07:05] /reload scripts scripts
[13/08/2022 07:05] /reload items items
[13/08/2022 07:07] /reload items items
[13/08/2022 07:07] /reload scripts scripts
[13/08/2022 07:07] /reload scripts scripts
[13/08/2022 07:08] /reload scripts scripts
[13/08/2022 07:11] /reload scripts scripts
[13/08/2022 07:12] /reload scripts scripts
[13/08/2022 07:12] /reload items items
[13/08/2022 07:14] /reload items items
[13/08/2022 07:14] /reload scripts scripts
[13/08/2022 07:15] /reload items items
[13/08/2022 07:16] /reload scripts scripts
[13/08/2022 07:27] /reload scripts scripts
[13/08/2022 07:31] /reload scripts scripts
[13/08/2022 07:31] /reload scripts scripts
[13/08/2022 07:33] /reload items items
[13/08/2022 07:33] /reload items items
[13/08/2022 07:35] /reload items items
[13/08/2022 07:36] /reload items items
[13/08/2022 07:39] /reload items items
[13/08/2022 07:40] /reload items items
[13/08/2022 07:41] /reload items items
[13/08/2022 07:50] /reload items items
[13/08/2022 07:51] /reload items items
[13/08/2022 08:02] /reload items items
[13/08/2022 08:02] /reload scripts scripts
[13/08/2022 08:04] /reload items items
[13/08/2022 08:10] /reload items items
[13/08/2022 08:10] /reload scripts scripts
[13/08/2022 08:11] /reload items items
[13/08/2022 08:11] /reload scripts scripts
[13/08/2022 08:11] /reload items items
[13/08/2022 08:12] /reload scripts scripts
[13/08/2022 08:20] /reload items items
[13/08/2022 08:20] /reload scripts scripts
[13/08/2022 08:21] /reload scripts scripts
[13/08/2022 08:22] /reload items items
[13/08/2022 08:22] /reload items items
[13/08/2022 08:25] /reload items items
[13/08/2022 08:25] /reload scripts scripts
[13/08/2022 08:25] /reload scripts scripts
[13/08/2022 08:26] /reload scripts scripts
[13/08/2022 08:30] /reload items items
[13/08/2022 08:30] /reload scripts scripts
[13/08/2022 08:30] /reload scripts scripts
[13/08/2022 22:22] /reload items items
[13/08/2022 22:22] /reload scripts scripts
[13/08/2022 22:22] /reload items items
[13/08/2022 22:22] /reload scripts scripts
[13/08/2022 22:26] /reload items items
[13/08/2022 22:26] /reload scripts scripts
[13/08/2022 22:26] /reload items items
[13/08/2022 22:26] /reload scripts scripts
[13/08/2022 22:26] /reload items items
[13/08/2022 22:26] /reload scripts scripts
[13/08/2022 22:26] /reload items items
[13/08/2022 22:28] /reload items items
[13/08/2022 22:28] /reload scripts scripts
[13/08/2022 22:30] /reload items items
[13/08/2022 22:30] /reload scripts scripts
[13/08/2022 22:31] /reload items items
[13/08/2022 22:31] /reload items items
[13/08/2022 22:31] /reload items items
[13/08/2022 22:32] /reload items items
[13/08/2022 22:32] /reload scripts scripts
[13/08/2022 22:32] /reload items items
[13/08/2022 22:49] /reload items items
[13/08/2022 22:49] /reload scripts scripts
[13/08/2022 22:53] /reload items items
[13/08/2022 22:53] /reload scripts scripts
[13/08/2022 22:54] /reload items items
[13/08/2022 22:54] /reload scripts scripts
[13/08/2022 22:55] /reload items items
[13/08/2022 22:55] /reload scripts scripts
[13/08/2022 22:55] /reload items items
[13/08/2022 22:55] /reload scripts scripts
[13/08/2022 22:55] /reload scripts scripts
[13/08/2022 22:56] /reload scripts scripts
[13/08/2022 22:56] /reload items items
[13/08/2022 22:56] /reload scripts scripts
[13/08/2022 22:56] /reload scripts scripts
[13/08/2022 22:57] /reload scripts scripts
[13/08/2022 22:58] /reload scripts scripts
[13/08/2022 22:58] /reload items items
[13/08/2022 22:59] /reload scripts scripts
[13/08/2022 22:59] /reload scripts scripts
[13/08/2022 23:02] /reload scripts scripts
[13/08/2022 23:02] /reload scripts scripts
[13/08/2022 23:02] /reload items items
[13/08/2022 23:02] /reload scripts scripts
[13/08/2022 23:04] /reload scripts scripts
[13/08/2022 23:04] /reload scripts scripts
[13/08/2022 23:05] /reload scripts scripts
[13/08/2022 23:08] /reload scripts scripts
[13/08/2022 23:08] /reload scripts scripts
[13/08/2022 23:08] /reload scripts scripts
[13/08/2022 23:09] /reload scripts scripts
[13/08/2022 23:10] /reload scripts scripts
[13/08/2022 23:10] /reload scripts scripts
[13/08/2022 23:11] /reload items items
[13/08/2022 23:11] /reload items items
[13/08/2022 23:11] /reload scripts scripts
[13/08/2022 23:11] /reload scripts scripts
[13/08/2022 23:12] /reload scripts scripts
[13/08/2022 23:13] /reload scripts scripts
[13/08/2022 23:13] /reload scripts scripts
[13/08/2022 23:14] /reload scripts scripts
[13/08/2022 23:14] /reload scripts scripts
[13/08/2022 23:14] /reload scripts scripts
[13/08/2022 23:14] /reload scripts scripts
[13/08/2022 23:15] /reload scripts scripts
[13/08/2022 23:15] /reload scripts scripts
[13/08/2022 23:15] /reload scripts scripts
[13/08/2022 23:15] /reload scripts scripts
[13/08/2022 23:16] /reload scripts scripts
[13/08/2022 23:16] /reload scripts scripts
[13/08/2022 23:16] /reload scripts scripts
[13/08/2022 23:16] /reload scripts scripts
[13/08/2022 23:16] /reload scripts scripts
[13/08/2022 23:16] /reload scripts scripts
[13/08/2022 23:16] /reload scripts scripts
[13/08/2022 23:16] /reload items items
[13/08/2022 23:16] /reload scripts scripts
[13/08/2022 23:16] /reload items items
[13/08/2022 23:17] /reload items items
[13/08/2022 23:17] /reload items items
[13/08/2022 23:17] /reload scripts scripts
[13/08/2022 23:18] /reload scripts scripts
[13/08/2022 23:18] /reload scripts scripts
[13/08/2022 23:19] /reload scripts scripts
[13/08/2022 23:19] /reload scripts scripts
[13/08/2022 23:19] /reload scripts scripts
[13/08/2022 23:19] /reload scripts scripts
[13/08/2022 23:19] /reload scripts scripts
[13/08/2022 23:20] /reload scripts scripts
[13/08/2022 23:20] /reload scripts scripts
[13/08/2022 23:22] /reload scripts scripts
[13/08/2022 23:22] /reload scripts scripts
[13/08/2022 23:23] /reload scripts scripts
[13/08/2022 23:23] /reload scripts scripts
[13/08/2022 23:23] /reload scripts scripts
[13/08/2022 23:23] /reload scripts scripts
[13/08/2022 23:23] /reload scripts scripts
[13/08/2022 23:24] /reload scripts scripts
[13/08/2022 23:24] /reload scripts scripts
[13/08/2022 23:24] /reload scripts scripts
[13/08/2022 23:25] /reload scripts scripts
[13/08/2022 23:25] /reload scripts scripts
[13/08/2022 23:25] /reload scripts scripts
[13/08/2022 23:25] /reload scripts scripts
[13/08/2022 23:26] /reload scripts scripts
[13/08/2022 23:26] /reload scripts scripts
[13/08/2022 23:27] /reload scripts scripts
[13/08/2022 23:27] /reload scripts scripts
[13/08/2022 23:27] /reload scripts scripts
[13/08/2022 23:27] /reload scripts scripts
[13/08/2022 23:28] /reload scripts scripts
[13/08/2022 23:28] /reload scripts scripts
[13/08/2022 23:28] /reload scripts scripts
[13/08/2022 23:30] /reload scripts scripts
[13/08/2022 23:32] /reload scripts scripts
[13/08/2022 23:32] /reload scripts scripts
[13/08/2022 23:33] /reload scripts scripts
[13/08/2022 23:33] /reload scripts scripts
[13/08/2022 23:34] /reload scripts scripts
[13/08/2022 23:36] /reload scripts scripts
[13/08/2022 23:36] /reload scripts scripts
[13/08/2022 23:36] /reload scripts scripts
[13/08/2022 23:37] /reload scripts scripts
[13/08/2022 23:38] /reload scripts scripts
[13/08/2022 23:38] /reload scripts scripts
[13/08/2022 23:38] /reload scripts scripts
[13/08/2022 23:38] /reload scripts scripts
[13/08/2022 23:39] /reload scripts scripts
[13/08/2022 23:39] /reload scripts scripts
[13/08/2022 23:39] /reload scripts scripts
[13/08/2022 23:40] /reload scripts scripts
[13/08/2022 23:41] /reload scripts scripts
[13/08/2022 23:41] /reload scripts scripts
[13/08/2022 23:42] /reload scripts scripts
[13/08/2022 23:42] /reload scripts scripts
[13/08/2022 23:42] /reload scripts scripts
[13/08/2022 23:42] /reload scripts scripts
[13/08/2022 23:42] /reload scripts scripts
[13/08/2022 23:43] /reload scripts scripts
[13/08/2022 23:44] /reload scripts scripts
[13/08/2022 23:44] /reload scripts scripts
[13/08/2022 23:46] /reload scripts scripts
[13/08/2022 23:46] /reload scripts scripts
[13/08/2022 23:47] /reload scripts scripts
[13/08/2022 23:48] /reload scripts scripts
[13/08/2022 23:48] /reload scripts scripts
[13/08/2022 23:49] /reload scripts scripts
[13/08/2022 23:49] /reload scripts scripts
[13/08/2022 23:50] /reload scripts scripts
[13/08/2022 23:50] /reload scripts scripts
[13/08/2022 23:50] /reload scripts scripts
[13/08/2022 23:50] /reload scripts scripts
[13/08/2022 23:51] /reload scripts scripts
[13/08/2022 23:51] /reload scripts scripts
[14/08/2022 00:05] /reload modules modules
[14/08/2022 00:06] /reload modules modules
[14/08/2022 00:06] /reload modules modules
[14/08/2022 00:06] /reload modules modules
[14/08/2022 00:07] /reload modules modules
[14/08/2022 00:08] /reload modules modules
[14/08/2022 00:08] /reload modules modules
[14/08/2022 00:09] /reload modules modules
[14/08/2022 00:11] /reload modules modules
[14/08/2022 00:11] /reload modules modules
[14/08/2022 00:13] /reload modules modules
[14/08/2022 00:13] /reload scripts scripts
[14/08/2022 00:14] /reload scripts scripts
[14/08/2022 00:14] /reload modules modules
[14/08/2022 00:15] /reload modules modules
[14/08/2022 00:16] /reload modules modules
[14/08/2022 00:21] /reload modules modules
[14/08/2022 00:21] /reload modules modules
[14/08/2022 00:22] /reload modules modules
[14/08/2022 00:26] /reload modules modules
[14/08/2022 00:26] /reload modules modules
[14/08/2022 00:27] /reload modules modules
[14/08/2022 00:28] /reload modules modules
[14/08/2022 00:29] /reload modules modules
[14/08/2022 00:30] /reload modules modules
[14/08/2022 02:24] /reload scripts scripts
[14/08/2022 02:24] /reload modules modules
[14/08/2022 02:25] /reload modules modules
[14/08/2022 02:26] /reload modules modules
[14/08/2022 02:27] /reload modules modules
[14/08/2022 02:29] /reload modules modules
[14/08/2022 02:56] /reload modules modules
[14/08/2022 02:57] /reload modules modules
[14/08/2022 03:02] /reload modules modules
[14/08/2022 03:05] /reload modules modules
[14/08/2022 03:12] /reload modules modules
[14/08/2022 03:17] /reload modules modules
[14/08/2022 03:20] /reload modules modules
[14/08/2022 03:28] /reload items items
[14/08/2022 03:30] /reload items items
[14/08/2022 03:32] /reload items items
[14/08/2022 03:33] /reload items items
[14/08/2022 03:33] /reload scripts scripts
[14/08/2022 03:36] /reload scripts scripts
[14/08/2022 03:36] /reload items items
[14/08/2022 03:38] /reload scripts scripts
[14/08/2022 03:38] /reload items items
[14/08/2022 03:39] /reload items items
[14/08/2022 03:40] /reload items items
[14/08/2022 03:41] /reload items items
[14/08/2022 03:42] /reload items items
[14/08/2022 03:47] /reload scripts scripts
[14/08/2022 03:47] /reload items items
[14/08/2022 03:49] /reload scripts scripts
[14/08/2022 03:49] /reload items items
[14/08/2022 03:49] /reload items items
[14/08/2022 03:49] /reload scripts scripts
[14/08/2022 03:51] /reload items items
[14/08/2022 03:51] /reload scripts scripts
[14/08/2022 03:51] /reload items items
[14/08/2022 03:51] /reload items items
[14/08/2022 03:52] /reload items items
[14/08/2022 03:52] /reload items items
[14/08/2022 03:52] /reload scripts scripts
[14/08/2022 03:53] /reload items items
[14/08/2022 04:01] /reload items items
[14/08/2022 04:01] /reload scripts scripts
[14/08/2022 04:02] /reload items items
[14/08/2022 04:02] /reload items items
[14/08/2022 04:02] /reload items items
[14/08/2022 04:03] /reload items items
[14/08/2022 04:03] /reload items items
[14/08/2022 04:03] /reload items items
[14/08/2022 04:04] /reload items items
[14/08/2022 04:04] /reload items items
[14/08/2022 04:05] /reload items items
[14/08/2022 04:05] /reload items items
[14/08/2022 04:05] /reload items items
[14/08/2022 04:05] /reload items items
[14/08/2022 04:05] /reload items items
[14/08/2022 04:14] /reload items items
[14/08/2022 04:14] /reload scripts scripts
[14/08/2022 04:15] /reload items items
[14/08/2022 04:15] /reload items items
[14/08/2022 04:18] /reload items items
[14/08/2022 04:18] /reload scripts scripts
[14/08/2022 04:23] /reload scripts scripts
[14/08/2022 04:23] /reload items items
[14/08/2022 04:23] /reload items items
[14/08/2022 04:23] /reload items items
[14/08/2022 04:23] /reload items items
[14/08/2022 04:24] /reload scripts scripts
[14/08/2022 04:25] /reload scripts scripts
[14/08/2022 04:27] /reload scripts scripts
[14/08/2022 04:27] /reload modules modules
[14/08/2022 04:29] /reload modules modules
[14/08/2022 04:31] /reload scripts scripts
[14/08/2022 04:31] /reload modules modules
[14/08/2022 04:33] /reload modules modules
[14/08/2022 04:34] /reload scripts scripts
[14/08/2022 04:34] /reload modules modules
[14/08/2022 04:36] /reload modules modules
[14/08/2022 04:40] /reload modules modules
[14/08/2022 04:42] /reload modules modules
[14/08/2022 04:42] /reload modules modules
[14/08/2022 04:43] /reload modules modules
[14/08/2022 04:45] /reload modules modules
[14/08/2022 07:02] /reload scripts scripts
[14/08/2022 07:03] /reload scripts scripts
[14/08/2022 07:04] /reload scripts scripts
[14/08/2022 07:04] /reload scripts scripts
[14/08/2022 07:04] /reload scripts scripts
[14/08/2022 07:05] /reload scripts scripts
[14/08/2022 07:05] /reload scripts scripts
[14/08/2022 07:36] /reload scripts scripts
[14/08/2022 07:38] /reload items items
[14/08/2022 07:38] /reload scripts scripts
[14/08/2022 07:39] /reload scripts scripts
[14/08/2022 07:40] /reload scripts scripts
[14/08/2022 07:41] /reload scripts scripts
[14/08/2022 07:43] /reload scripts scripts
[14/08/2022 07:43] /reload items items
[14/08/2022 07:43] /reload items items
[14/08/2022 07:44] /reload items items
[14/08/2022 07:44] /reload scripts scripts
[14/08/2022 07:45] /reload scripts scripts
[14/08/2022 07:46] /reload scripts scripts
[14/08/2022 07:46] /reload scripts scripts
[14/08/2022 07:47] /reload scripts scripts
[14/08/2022 07:49] /reload scripts scripts
[14/08/2022 07:51] /reload scripts scripts
[14/08/2022 07:51] /reload scripts scripts
[14/08/2022 07:51] /reload scripts scripts
[14/08/2022 07:52] /reload scripts scripts
[14/08/2022 07:55] /reload scripts scripts
[14/08/2022 07:56] /reload scripts scripts
[14/08/2022 07:56] /reload scripts scripts
[14/08/2022 07:56] /reload scripts scripts
[14/08/2022 07:56] /reload items items
[14/08/2022 07:56] /reload scripts scripts
[14/08/2022 07:57] /reload scripts scripts
[14/08/2022 07:58] /reload scripts scripts
[14/08/2022 07:58] /reload items items
[14/08/2022 08:01] /reload scripts scripts
[14/08/2022 08:05] /reload scripts scripts
[14/08/2022 08:07] /reload scripts scripts
[14/08/2022 08:09] /reload scripts scripts
[14/08/2022 08:11] /reload scripts scripts
[14/08/2022 08:22] /reload scripts scripts
[14/08/2022 08:23] /reload scripts scripts
[14/08/2022 08:26] /reload scripts scripts
[14/08/2022 08:27] /reload scripts scripts
[14/08/2022 08:29] /reload scripts scripts
[14/08/2022 08:29] /reload scripts scripts
[14/08/2022 08:38] /reload scripts scripts
[14/08/2022 08:39] /reload scripts scripts
[14/08/2022 08:39] /reload items items
[14/08/2022 08:39] /reload items items
[14/08/2022 09:34] /reload scripts scripts
[14/08/2022 09:34] /reload items items
[14/08/2022 09:34] /reload items items
[14/08/2022 09:34] /reload scripts scripts
[14/08/2022 09:34] /reload items items
[14/08/2022 09:35] /reload items items
[14/08/2022 09:36] /reload items items
[14/08/2022 09:36] /reload items items
[14/08/2022 09:52] /reload npcs npcs
[14/08/2022 09:53] /reload npcs npcs
[14/08/2022 09:53] /reload scripts scripts
[14/08/2022 09:54] /reload items items
[14/08/2022 09:54] /reload scripts scripts
[14/08/2022 09:54] /reload scripts scripts
[14/08/2022 09:55] /reload scripts scripts
[14/08/2022 09:56] /reload scripts scripts
[14/08/2022 09:56] /reload scripts scripts
[14/08/2022 09:57] /reload scripts scripts
[14/08/2022 09:58] /reload scripts scripts
[14/08/2022 09:58] /reload scripts scripts
[14/08/2022 09:58] /reload scripts scripts
[14/08/2022 09:59] /reload scripts scripts
[14/08/2022 09:59] /reload scripts scripts
[14/08/2022 10:00] /reload scripts scripts
[14/08/2022 10:00] /reload scripts scripts
[14/08/2022 10:01] /reload scripts scripts
[14/08/2022 10:02] /reload scripts scripts
[14/08/2022 10:02] /reload scripts scripts
[14/08/2022 10:03] /reload scripts scripts
[14/08/2022 10:03] /reload scripts scripts
[14/08/2022 10:03] /reload scripts scripts
[14/08/2022 10:03] /reload items items
[14/08/2022 10:05] /reload scripts scripts
[14/08/2022 10:05] /reload scripts scripts
[14/08/2022 10:06] /reload scripts scripts
[14/08/2022 10:07] /reload scripts scripts
[14/08/2022 10:08] /reload scripts scripts
[14/08/2022 10:08] /reload scripts scripts
[14/08/2022 10:12] /reload scripts scripts
[14/08/2022 10:12] /reload items items
[14/08/2022 10:13] /reload items items
[14/08/2022 10:17] /reload items items
[14/08/2022 10:17] /reload scripts scripts
[14/08/2022 10:18] /reload scripts scripts
[14/08/2022 10:18] /reload scripts scripts
[14/08/2022 10:19] /reload scripts scripts
[14/08/2022 10:19] /reload scripts scripts
[14/08/2022 10:20] /reload scripts scripts
[14/08/2022 10:20] /reload scripts scripts
[14/08/2022 10:21] /reload scripts scripts
[14/08/2022 10:21] /reload scripts scripts
[14/08/2022 10:21] /reload items items
[14/08/2022 10:21] /reload scripts scripts
[14/08/2022 10:21] /reload items items
[14/08/2022 10:21] /reload scripts scripts
[14/08/2022 10:21] /reload items items
[14/08/2022 10:21] /reload scripts scripts
[14/08/2022 10:22] /reload scripts scripts
[14/08/2022 10:22] /reload scripts scripts
[14/08/2022 10:23] /reload scripts scripts
[14/08/2022 10:23] /reload scripts scripts
[14/08/2022 10:24] /reload scripts scripts
[14/08/2022 10:24] /reload scripts scripts
[14/08/2022 10:24] /reload items items
[14/08/2022 10:24] /reload items items
[14/08/2022 10:25] /reload items items
[14/08/2022 10:25] /reload items items
[14/08/2022 21:47] /reload npcs npcs
[14/08/2022 21:47] /reload npcs npcs
[14/08/2022 21:48] /reload npcs npcs
[14/08/2022 21:50] /reload npcs npcs
[14/08/2022 21:50] /reload npcs npcs
[14/08/2022 21:51] /reload npcs npcs
[14/08/2022 21:51] /reload npcs npcs
[14/08/2022 21:51] /reload npcs npcs
[14/08/2022 21:51] /reload items items
[14/08/2022 21:51] /reload npcs npcs
[14/08/2022 21:52] /reload npcs npcs
[14/08/2022 21:52] /reload npcs npcs
[14/08/2022 21:53] /reload scripts scripts
[14/08/2022 21:53] /reload npcs npcs
[14/08/2022 21:53] /reload npcs npcs
[14/08/2022 21:54] /reload npcs npcs
[14/08/2022 21:56] /reload npocs npocs
[14/08/2022 21:56] /reload npcs npcs
[14/08/2022 21:58] /reload npcs npcs
[14/08/2022 21:58] /reload npcs npcs
[14/08/2022 21:59] /reload npcs npcs
[14/08/2022 21:59] /reload npcs npcs
[14/08/2022 22:01] /reload npcs npcs
[14/08/2022 22:01] /reload npcs npcs
[14/08/2022 22:03] /reload npcs npcs
[14/08/2022 22:03] /reload npcs npcs
[14/08/2022 22:11] /reload npcs npcs
[14/08/2022 22:12] /reload npcs npcs
[14/08/2022 22:14] /reload scripts scripts
[14/08/2022 22:14] /reload scripts scripts
[14/08/2022 22:15] /reload scripts scripts
[14/08/2022 22:15] /reload scripts scripts
[14/08/2022 22:16] /reload scripts scripts
[14/08/2022 22:18] /reload scripts scripts
[14/08/2022 22:19] /reload scripts scripts
[14/08/2022 22:22] /reload scripts scripts
[14/08/2022 22:24] /reload npcs npcs
[14/08/2022 22:25] /reload npcs npcs
[14/08/2022 22:25] /reload scripts scripts
[14/08/2022 22:26] /reload npcs npcs
[14/08/2022 22:27] /reload npcs npcs
[14/08/2022 22:27] /reload npcs npcs
[14/08/2022 22:30] /reload npcs npcs
[14/08/2022 22:32] /reload npcs npcs
[14/08/2022 23:05] /reload scripts scripts
[14/08/2022 23:05] /reload scripts scripts
[14/08/2022 23:06] /reload scripts scripts
[14/08/2022 23:06] /reload scripts scripts
[14/08/2022 23:11] /reload scripts scripts
[14/08/2022 23:13] /reload npcs npcs
[14/08/2022 23:15] /reload npcs npcs
[14/08/2022 23:15] /reload npcs npcs
[14/08/2022 23:17] /reload npcs npcs
[14/08/2022 23:18] /reload npcs npcs
[14/08/2022 23:18] /reload npcs npcs
[14/08/2022 23:19] /reload npcs npcs
[14/08/2022 23:21] /reload npcs npcs
[14/08/2022 23:26] /reload npcs npcs
[14/08/2022 23:27] /reload npcs npcs
[14/08/2022 23:28] /reload modules modules
[14/08/2022 23:28] /reload modules modules
[14/08/2022 23:28] /reload scripts scripts
[14/08/2022 23:30] /reload modules modules
