[12/08/2022 04:14] /reload scripts scripts
[12/08/2022 04:14] /reload scripts scripts
[12/08/2022 04:17] /reload scripts scripts
[12/08/2022 04:40] /reload monster monster
[12/08/2022 04:41] /reload monster monster
[12/08/2022 04:44] /reload monster monster
[12/08/2022 04:54] /reload scripts scripts
[12/08/2022 04:55] /reload scripts scripts
[12/08/2022 04:56] /reload scripts scripts
[12/08/2022 04:59] /reload monsters monsters
[12/08/2022 05:15] /reload scripts scripts
[12/08/2022 05:16] /reload scripts scripts
[12/08/2022 05:16] /reload scripts scripts
[12/08/2022 05:17] /reload scripts scripts
[12/08/2022 05:18] /reload monsters monsters
[12/08/2022 05:20] /reload scripts scripts
[12/08/2022 05:27] /reload monsters monsters
[12/08/2022 05:27] /reload monsters monsters
[12/08/2022 05:28] /reload monsters monsters
[12/08/2022 05:39] /reload monsters monsters
[12/08/2022 05:48] /reload monsters monsters
[12/08/2022 05:55] /reload npcs npcs
[12/08/2022 05:56] /reload npcs npcs
[12/08/2022 05:57] /reload npcs npcs
[12/08/2022 05:58] /reload npcs npcs
[12/08/2022 05:59] /reload npcs npcs
[12/08/2022 06:00] /reload npcs npcs
[12/08/2022 06:02] /reload npcs npcs
[12/08/2022 06:03] /reload npcs npcs
[12/08/2022 06:04] /reload npcs npcs
[12/08/2022 06:04] /reload npcs npcs
[12/08/2022 06:05] /reload npcs npcs
[12/08/2022 06:05] /reload npcs npcs
[12/08/2022 06:05] /reload npcs npcs
[12/08/2022 06:06] /reload npcs npcs
[12/08/2022 06:09] /reload npcs npcs
[12/08/2022 06:10] /reload npcs npcs
[12/08/2022 06:12] /reload npcs npcs
[12/08/2022 06:12] /reload npcs npcs
[12/08/2022 06:14] /reload scripts scripts
[12/08/2022 06:15] /reload scripts scripts
[12/08/2022 06:16] /reload scripts scripts
[12/08/2022 06:18] /reload scripts scripts
[12/08/2022 06:18] /reload scripts scripts
[12/08/2022 06:19] /reload scripts scripts
[12/08/2022 06:20] /reload scripts scripts
[12/08/2022 06:25] /reload scripts scripts
[12/08/2022 06:34] /reload scripts scripts
[12/08/2022 06:35] /reload monters monters
[12/08/2022 06:36] /reload monsters monsters
[12/08/2022 06:38] /reload scripts scripts
[12/08/2022 06:39] /reload scripts scripts
[12/08/2022 06:43] /reload scripts scripts
[12/08/2022 06:44] /reload scripts scripts
[12/08/2022 06:47] /reload scripts scripts
[12/08/2022 06:51] /reload scripts scripts
[12/08/2022 06:57] /reload scripts scripts
